<?xml version="1.0" encoding="UTF-8"?>
<coverage generated="1648895128142" clover="3.2.0">
  <project timestamp="1648895128142" name="All files">
    <metrics statements="8" coveredstatements="8" conditionals="0" coveredconditionals="0" methods="5" coveredmethods="5" elements="13" coveredelements="13" complexity="0" loc="8" ncloc="8" packages="2" files="3" classes="3"/>
    <package name="01_Testing">
      <metrics statements="3" coveredstatements="3" conditionals="0" coveredconditionals="0" methods="2" coveredmethods="2"/>
      <file name="funcionesMatematicas.js" path="C:\Users\perez\Desktop\Workspace Lucatic\Node JS\NodeTesting\01_Testing\funcionesMatematicas.js">
        <metrics statements="3" coveredstatements="3" conditionals="0" coveredconditionals="0" methods="2" coveredmethods="2"/>
        <line num="4" count="1" type="stmt"/>
        <line num="5" count="1" type="stmt"/>
        <line num="7" count="1" type="stmt"/>
      </file>
    </package>
    <package name="02_Testing">
      <metrics statements="5" coveredstatements="5" conditionals="0" coveredconditionals="0" methods="3" coveredmethods="3"/>
      <file name="funcionesMatematicas.js" path="C:\Users\perez\Desktop\Workspace Lucatic\Node JS\NodeTesting\02_Testing\funcionesMatematicas.js">
        <metrics statements="3" coveredstatements="3" conditionals="0" coveredconditionals="0" methods="2" coveredmethods="2"/>
        <line num="4" count="1" type="stmt"/>
        <line num="5" count="1" type="stmt"/>
        <line num="7" count="1" type="stmt"/>
      </file>
      <file name="test01.js" path="C:\Users\perez\Desktop\Workspace Lucatic\Node JS\NodeTesting\02_Testing\test01.js">
        <metrics statements="2" coveredstatements="2" conditionals="0" coveredconditionals="0" methods="1" coveredmethods="1"/>
        <line num="2" count="4" type="stmt"/>
        <line num="4" count="1" type="stmt"/>
      </file>
    </package>
  </project>
</coverage>
