{"C:\\Users\\perez\\Desktop\\Workspace Lucatic\\Node JS\\NodeTesting\\01_Testing\\funcionesMatematicas.js": {"path":"C:\\Users\\perez\\Desktop\\Workspace Lucatic\\Node JS\\NodeTesting\\01_Testing\\funcionesMatematicas.js","statementMap":{"0":{"start":{"line":4,"column":13},"end":{"line":4,"column":42}},"1":{"start":{"line":4,"column":31},"end":{"line":4,"column":42}},"2":{"start":{"line":5,"column":14},"end":{"line":5,"column":43}},"3":{"start":{"line":5,"column":32},"end":{"line":5,"column":43}},"4":{"start":{"line":7,"column":0},"end":{"line":7,"column":32}}},"fnMap":{"0":{"name":"(anonymous_0)","decl":{"start":{"line":4,"column":13},"end":{"line":4,"column":14}},"loc":{"start":{"line":4,"column":31},"end":{"line":4,"column":42}},"line":4},"1":{"name":"(anonymous_1)","decl":{"start":{"line":5,"column":14},"end":{"line":5,"column":15}},"loc":{"start":{"line":5,"column":32},"end":{"line":5,"column":43}},"line":5}},"branchMap":{},"s":{"0":1,"1":1,"2":1,"3":1,"4":1},"f":{"0":1,"1":1},"b":{},"_coverageSchema":"1a1c01bbd47fc00a2c39e90264f33305004495a9","hash":"99194cbaed5ce2bd522a633fe505ffce1964e246"}
,"C:\\Users\\perez\\Desktop\\Workspace Lucatic\\Node JS\\NodeTesting\\02_Testing\\funcionesMatematicas.js": {"path":"C:\\Users\\perez\\Desktop\\Workspace Lucatic\\Node JS\\NodeTesting\\02_Testing\\funcionesMatematicas.js","statementMap":{"0":{"start":{"line":4,"column":13},"end":{"line":4,"column":42}},"1":{"start":{"line":4,"column":31},"end":{"line":4,"column":42}},"2":{"start":{"line":5,"column":14},"end":{"line":5,"column":43}},"3":{"start":{"line":5,"column":32},"end":{"line":5,"column":43}},"4":{"start":{"line":7,"column":0},"end":{"line":7,"column":32}}},"fnMap":{"0":{"name":"(anonymous_0)","decl":{"start":{"line":4,"column":13},"end":{"line":4,"column":14}},"loc":{"start":{"line":4,"column":31},"end":{"line":4,"column":42}},"line":4},"1":{"name":"(anonymous_1)","decl":{"start":{"line":5,"column":14},"end":{"line":5,"column":15}},"loc":{"start":{"line":5,"column":32},"end":{"line":5,"column":43}},"line":5}},"branchMap":{},"s":{"0":1,"1":1,"2":1,"3":1,"4":1},"f":{"0":1,"1":1},"b":{},"_coverageSchema":"1a1c01bbd47fc00a2c39e90264f33305004495a9","hash":"be3508c963bfdb1a96fc027fcfbb443cc10878f7"}
,"C:\\Users\\perez\\Desktop\\Workspace Lucatic\\Node JS\\NodeTesting\\02_Testing\\test01.js": {"path":"C:\\Users\\perez\\Desktop\\Workspace Lucatic\\Node JS\\NodeTesting\\02_Testing\\test01.js","statementMap":{"0":{"start":{"line":2,"column":2},"end":{"line":2,"column":15}},"1":{"start":{"line":4,"column":0},"end":{"line":4,"column":21}}},"fnMap":{"0":{"name":"sum","decl":{"start":{"line":1,"column":9},"end":{"line":1,"column":12}},"loc":{"start":{"line":1,"column":19},"end":{"line":3,"column":1}},"line":1}},"branchMap":{},"s":{"0":4,"1":1},"f":{"0":4},"b":{},"_coverageSchema":"1a1c01bbd47fc00a2c39e90264f33305004495a9","hash":"09139ee8fc9c078af6a86f4706f05587f848cc39"}
}
