TN:
SF:NodeTesting\01_Testing\funcionesMatematicas.js
FN:4,(anonymous_0)
FN:5,(anonymous_1)
FNF:2
FNH:2
FNDA:1,(anonymous_0)
FNDA:1,(anonymous_1)
DA:4,1
DA:5,1
DA:7,1
LF:3
LH:3
BRF:0
BRH:0
end_of_record
TN:
SF:NodeTesting\02_Testing\funcionesMatematicas.js
FN:4,(anonymous_0)
FN:5,(anonymous_1)
FNF:2
FNH:2
FNDA:1,(anonymous_0)
FNDA:1,(anonymous_1)
DA:4,1
DA:5,1
DA:7,1
LF:3
LH:3
BRF:0
BRH:0
end_of_record
TN:
SF:NodeTesting\02_Testing\test01.js
FN:1,sum
FNF:1
FNH:1
FNDA:4,sum
DA:2,4
DA:4,1
LF:2
LH:2
BRF:0
BRH:0
end_of_record
